<?xml version="1.0" encoding="UTF-8"?>
<testsuite xmlns:xsi="http://www.w3.org/2001/XMLSchema-instance" xsi:noNamespaceSchemaLocation="https://maven.apache.org/surefire/maven-surefire-plugin/xsd/surefire-test-report-3.0.xsd" version="3.0" name="TestSuite" time="31.76" tests="10" errors="0" skipped="7" failures="3">
  <properties>
[...]
</properties>
  <testcase name="initializa" classname="Academy.validateNavigationBar" time="11.146">
    <failure type="java.lang.NullPointerException"><![CDATA[java.lang.NullPointerException
	at Academy.validateNavigationBar.initializa(validateNavigationBar.java:37)
]]></failure>
    <system-out><![CDATA[Validating Title in the Page
Validating User Login
Validating Navigation Bar
null
null
null
]]></system-out>
  </testcase>
  <testcase name="basePageNavigation" classname="Academy.validateNavigationBar" time="0">
    <skipped/>
  </testcase>
  <testcase name="tearDown" classname="Academy.validateNavigationBar" time="0">
    <skipped/>
  </testcase>
  <testcase name="initializa" classname="Academy.HomePage" time="11.147">
    <failure type="java.lang.NullPointerException"><![CDATA[java.lang.NullPointerException
	at Academy.HomePage.initializa(HomePage.java:28)
]]></failure>
  </testcase>
  <testcase name="basePageNavigation" classname="Academy.HomePage" time="0">
    <skipped/>
  </testcase>
  <testcase name="basePageNavigation" classname="Academy.HomePage" time="0">
    <skipped/>
  </testcase>
  <testcase name="tearDown" classname="Academy.HomePage" time="0">
    <skipped/>
  </testcase>
  <testcase name="initializa" classname="Academy.validateTitle" time="11.147">
    <failure type="java.lang.NullPointerException"><![CDATA[java.lang.NullPointerException
	at Academy.validateTitle.initializa(validateTitle.java:31)
]]></failure>
  </testcase>
  <testcase name="basePageNavigation" classname="Academy.validateTitle" time="0">
    <skipped/>
  </testcase>
  <testcase name="tearDown" classname="Academy.validateTitle" time="0">
    <skipped/>
  </testcase>
</testsuite>