<?xml version="1.0" encoding="UTF-8"?>
<testng-results skipped="0" failed="0" ignored="0" total="1" passed="1">
  <reporter-output>
  </reporter-output>
  <suite name="Suite" duration-ms="163537" started-at="2020-03-04T21:28:59Z" finished-at="2020-03-04T21:31:43Z">
    <groups>
      <group name="cucumber">
        <method signature="AbstractTestNGCucumberTests.feature(cucumber.api.testng.CucumberFeatureWrapper)[pri:0, instance:CucumberOptions.Testrunner@290dbf45]" name="feature" class="cucumber.api.testng.AbstractTestNGCucumberTests"/>
      </group> <!-- cucumber -->
    </groups>
    <test name="Test" duration-ms="163537" started-at="2020-03-04T21:28:59Z" finished-at="2020-03-04T21:31:43Z">
      <class name="CucumberOptions.Testrunner">
        <test-method status="PASS" signature="setUpClass()[pri:0, instance:CucumberOptions.Testrunner@290dbf45]" name="setUpClass" is-config="true" duration-ms="270" started-at="2020-03-04T21:28:59Z" finished-at="2020-03-04T21:29:00Z">
          <reporter-output>
          </reporter-output>
        </test-method> <!-- setUpClass -->
        <test-method status="PASS" signature="feature(cucumber.api.testng.CucumberFeatureWrapper)[pri:0, instance:CucumberOptions.Testrunner@290dbf45]" name="feature" duration-ms="163148" started-at="2020-03-04T21:29:00Z" description="Runs Cucumber Feature" data-provider="features" finished-at="2020-03-04T21:31:43Z">
          <params>
            <param index="0">
              <value>
                <![CDATA[Login into Application]]>
              </value>
            </param>
          </params>
          <reporter-output>
          </reporter-output>
        </test-method> <!-- feature -->
        <test-method status="PASS" signature="tearDownClass()[pri:0, instance:CucumberOptions.Testrunner@290dbf45]" name="tearDownClass" is-config="true" duration-ms="1" started-at="2020-03-04T21:31:43Z" finished-at="2020-03-04T21:31:43Z">
          <reporter-output>
          </reporter-output>
        </test-method> <!-- tearDownClass -->
      </class> <!-- CucumberOptions.Testrunner -->
    </test> <!-- Test -->
  </suite> <!-- Suite -->
</testng-results>
